<?xml version="1.0" encoding="UTF-8"?>
<!-- Generated by org.testng.reporters.JUnitXMLReporter -->
<testsuite ignored="1" hostname="Finny" failures="0" tests="6" name="Test" time="22.072" errors="0" timestamp="2023-10-20T01:56:17 IST">
  <testcase classname="Techademy.Assignment.Question5_1" name="testAutomationAnywhereLogo" time="0.516"/>
  <testcase classname="Techademy.Assignment.Question5_1" name="testRequestDemoButton" time="0.277"/>
  <testcase classname="Techademy.Assignment.Question5_2" name="testProductsLink" time="4.293"/>
  <testcase classname="Techademy.Assignment.Question5_2" name="testResourcesLink" time="1.991"/>
  <testcase classname="Techademy.Assignment.Question5_2" name="testBeyondRPALink" time="2.707"/>
  <testcase classname="Techademy.Assignment.Question5_2" name="testCompanyLink" time="2.545"/>
  <testcase classname="Techademy.Assignment.Question5_2" name="testSolutionsLink" time="0.0">
    <ignored/>
  </testcase> <!-- testSolutionsLink -->
</testsuite> <!-- Test -->
